<?xml version="1.0" encoding="UTF-8" ?>
<testsuite tests="2" failures="0" name="IocTest" time="0.015" errors="0" skipped="0">
  <properties>
    <property name="java.runtime.name" value="Java(TM) SE Runtime Environment"/>
    <property name="java.vm.version" value="13.0.1+9"/>
    <property name="sun.boot.library.path" value="C:\Program Files\Java\jdk-13.0.1\bin"/>
    <property name="maven.multiModuleProjectDirectory" value="F:\Workspace\springIoc3"/>
    <property name="java.vm.vendor" value="Oracle Corporation"/>
    <property name="java.vendor.url" value="https://java.oracle.com/"/>
    <property name="guice.disable.misplaced.annotation.check" value="true"/>
    <property name="path.separator" value=";"/>
    <property name="java.vm.name" value="Java HotSpot(TM) 64-Bit Server VM"/>
    <property name="sun.os.patch.level" value="Service Pack 1"/>
    <property name="user.script" value=""/>
    <property name="user.country" value="CN"/>
    <property name="sun.java.launcher" value="SUN_STANDARD"/>
    <property name="java.vm.specification.name" value="Java Virtual Machine Specification"/>
    <property name="user.dir" value="F:\Workspace\springIoc3"/>
    <property name="java.vm.compressedOopsMode" value="32-bit"/>
    <property name="java.runtime.version" value="13.0.1+9"/>
    <property name="os.arch" value="amd64"/>
    <property name="java.io.tmpdir" value="C:\Users\ADMINI~1\AppData\Local\Temp\"/>
    <property name="line.separator" value="
"/>
    <property name="java.vm.specification.vendor" value="Oracle Corporation"/>
    <property name="user.variant" value=""/>
    <property name="os.name" value="Windows 7"/>
    <property name="maven.ext.class.path" value="E:\IDEA\IntelliJ IDEA 2020.1.1\plugins\maven\lib\maven-event-listener.jar"/>
    <property name="classworlds.conf" value="F:\chrome\apache-maven-3.6.3-bin\apache-maven-3.6.3\bin\m2.conf"/>
    <property name="sun.jnu.encoding" value="GBK"/>
    <property name="java.library.path" value="C:\Program Files\Java\jdk-13.0.1\bin;C:\Windows\Sun\Java\bin;C:\Windows\system32;C:\Windows;C:\Windows\system32;C:\Windows;C:\Windows\System32\Wbem;C:\Windows\System32\WindowsPowerShell\v1.0\;D:\Program Files\MATLAB\R2017a\runtime\win64;D:\Program Files\MATLAB\R2017a\bin;E:\MATLAB2016b\runtime\win64;E:\MATLAB2016b\bin;D:\Program Files\MATLAB\R2014a\runtime\win64;D:\Program Files\MATLAB\R2014a\bin;D:\Program Files\MATLAB\R2014a\polyspace\bin;C:\Program Files\Microsoft\Web Platform Installer\;C:\Program Files (x86)\Microsoft ASP.NET\ASP.NET Web Pages\v1.0\;C:\Program Files\Microsoft SQL Server\110\Tools\Binn\;D:\WinPython-32bit-3.4.4.1\python-3.4.4\;D:\WinPython-64bit-3.5.4.1Qt5\python-3.5.4.amd64;D:\WinPython-64bit-3.5.4.1Qt5\python-3.5.4.amd64\Scripts;E:\MATLAB2016b\polyspace\bin;C:\Program Files\Java\jdk-13.0.1\bin;C:\Program Files\Java\jdk-13.0.1\jre\bin;F:\chrome\apache-tomcat-8.5.56-windows-x64\apache-tomcat-8.5.56\bin;F:\chrome\apache-tomcat-8.5.56-windows-x64\apache-tomcat-8.5.56\bin;F:\chrome\apache-tomcat-8.5.56-windows-x64\apache-tomcat-8.5.56\lib;D:\anaconda;D:\anaconda\Scripts;D:\anaconda\Library\bin;F:\chrome\apache-maven-3.6.3-bin\apache-maven-3.6.3\bin;F:\developtools\mysql-5.7.31-winx64\bin;D:\python\Scripts\;D:\python\;D:\Pycharm\PyCharm Community Edition 2020.1.2\bin;;."/>
    <property name="maven.conf" value="F:\chrome\apache-maven-3.6.3-bin\apache-maven-3.6.3/conf"/>
    <property name="jdk.debug" value="release"/>
    <property name="java.class.version" value="57.0"/>
    <property name="java.specification.name" value="Java Platform API Specification"/>
    <property name="sun.management.compiler" value="HotSpot 64-Bit Tiered Compilers"/>
    <property name="os.version" value="6.1"/>
    <property name="user.home" value="C:\Users\Administrator"/>
    <property name="user.timezone" value="Asia/Shanghai"/>
    <property name="file.encoding" value="UTF-8"/>
    <property name="java.specification.version" value="13"/>
    <property name="user.name" value="Administrator"/>
    <property name="java.class.path" value="F:\chrome\apache-maven-3.6.3-bin\apache-maven-3.6.3\boot\plexus-classworlds-2.6.0.jar;F:\chrome\apache-maven-3.6.3-bin\apache-maven-3.6.3\boot\plexus-classworlds.license"/>
    <property name="java.vm.specification.version" value="13"/>
    <property name="sun.arch.data.model" value="64"/>
    <property name="sun.java.command" value="org.codehaus.classworlds.Launcher -Didea.version2020.1.1 -s F:\chrome\apache-maven-3.6.3-bin\apache-maven-3.6.3\conf\settings.xml install"/>
    <property name="java.home" value="C:\Program Files\Java\jdk-13.0.1"/>
    <property name="user.language" value="zh"/>
    <property name="java.specification.vendor" value="Oracle Corporation"/>
    <property name="idea.version2020.1.1" value="true"/>
    <property name="java.vm.info" value="mixed mode, sharing"/>
    <property name="java.version" value="13.0.1"/>
    <property name="java.vendor" value="Oracle Corporation"/>
    <property name="maven.home" value="F:\chrome\apache-maven-3.6.3-bin\apache-maven-3.6.3"/>
    <property name="file.separator" value="\"/>
    <property name="java.version.date" value="2019-10-15"/>
    <property name="java.vendor.url.bug" value="https://bugreport.java.com/bugreport/"/>
    <property name="sun.io.unicode.encoding" value="UnicodeLittle"/>
    <property name="sun.cpu.endian" value="little"/>
    <property name="sun.cpu.isalist" value="amd64"/>
  </properties>
  <testcase classname="IocTest" name="test2" time="0.01"/>
  <testcase classname="IocTest" name="test3" time="0.005"/>
</testsuite>